<?xml version="1.0" encoding="UTF-8"?>
<!-- Generated by org.testng.reporters.JUnitReportReporter -->
<testsuite skipped="0" hostname="GopinathKumsi" name="CONT.CONT.App" tests="1" failures="0" timestamp="2020-05-27T12:24:04 IST" time="110.693" errors="0">
  <testcase name="getBrowser" time="110.693" classname="CONT.CONT.App"/>
</testsuite> <!-- CONT.CONT.App -->
