<?xml version="1.0" encoding="UTF-8"?>
<!-- Generated by org.testng.reporters.JUnitReportReporter -->
<testsuite skipped="0" hostname="GopinathKumsi" name="CONT.CONT.App" tests="1" failures="0" timestamp="2020-06-02T18:41:12 IST" time="27.496" errors="0">
  <testcase name="getBrowser" time="27.496" classname="CONT.CONT.App"/>
</testsuite> <!-- CONT.CONT.App -->
