<?xml version="1.0" encoding="UTF-8"?>
<!-- Generated by org.testng.reporters.JUnitReportReporter -->
<testsuite skipped="0" hostname="GopinathKumsi" name="CONT.CONT.App" tests="1" failures="0" timestamp="2020-05-25T14:27:43 IST" time="22.914" errors="0">
  <testcase name="getBrowser" time="22.914" classname="CONT.CONT.App"/>
</testsuite> <!-- CONT.CONT.App -->
