<?xml version="1.0" encoding="UTF-8"?>
<!-- Generated by org.testng.reporters.JUnitReportReporter -->
<testsuite name="CONT.CONT.App" tests="1" time="26.921" ignored="0" failures="0" timestamp="27 May 2020 09:47:47 GMT" skipped="0" hostname="GopinathKumsi" errors="0">
  <testcase name="getBrowser" time="26.921" classname="CONT.CONT.App"/>
</testsuite> <!-- CONT.CONT.App -->
