<?xml version="1.0" encoding="UTF-8"?>
<!-- Generated by org.testng.reporters.JUnitReportReporter -->
<testsuite name="CONT.CONT.App" tests="1" time="11.526" ignored="0" failures="0" timestamp="29 May 2020 08:30:16 GMT" skipped="0" hostname="GopinathKumsi" errors="0">
  <testcase name="getBrowser" time="11.526" classname="CONT.CONT.App"/>
</testsuite> <!-- CONT.CONT.App -->
