<?xml version="1.0" encoding="UTF-8"?>
<!-- Generated by org.testng.reporters.JUnitReportReporter -->
<testsuite name="CONT.CONT.App" tests="1" time="51.161" ignored="0" failures="0" timestamp="02 Jun 2020 12:37:16 GMT" skipped="0" hostname="GopinathKumsi" errors="0">
  <testcase name="getBrowser" time="51.161" classname="CONT.CONT.App"/>
</testsuite> <!-- CONT.CONT.App -->
